<?xml version="1.0" encoding="UTF-8"?>
<testng-results total="1" passed="1" failed="0" skipped="0">
  <reporter-output>
  </reporter-output>
  <suite started-at="2020-11-23T07:33:28Z" name="Suite" finished-at="2020-11-23T07:33:51Z" duration-ms="22141">
    <groups>
      <group name="cucumber">
        <method signature="AbstractTestNGCucumberTests.feature(cucumber.api.testng.CucumberFeatureWrapper)[pri:0, instance:runner.ExecuteTestRunner@72a7c7e0]" name="feature" class="cucumber.api.testng.AbstractTestNGCucumberTests"/>
      </group> <!-- cucumber -->
    </groups>
    <test started-at="2020-11-23T07:33:28Z" name="Test" finished-at="2020-11-23T07:33:51Z" duration-ms="22141">
      <class name="runner.ExecuteTestRunner">
        <test-method is-config="true" signature="setUpClass()[pri:0, instance:runner.ExecuteTestRunner@72a7c7e0]" started-at="2020-11-23T13:03:28Z" name="setUpClass" finished-at="2020-11-23T13:03:29Z" duration-ms="303" status="PASS">
          <reporter-output>
          </reporter-output>
        </test-method> <!-- setUpClass -->
        <test-method signature="feature(cucumber.api.testng.CucumberFeatureWrapper)[pri:0, instance:runner.ExecuteTestRunner@72a7c7e0]" started-at="2020-11-23T13:03:29Z" name="feature" description="Runs Cucumber Feature" data-provider="features" finished-at="2020-11-23T13:03:50Z" duration-ms="21013" status="PASS">
          <params>
            <param index="0">
              <value>
                <![CDATA[Login function for Magnushealth Application]]>
              </value>
            </param>
          </params>
          <reporter-output>
          </reporter-output>
        </test-method> <!-- feature -->
        <test-method is-config="true" signature="writeExtentReport()[pri:0, instance:runner.ExecuteTestRunner@72a7c7e0]" started-at="2020-11-23T13:03:50Z" name="writeExtentReport" finished-at="2020-11-23T13:03:50Z" duration-ms="16" status="PASS">
          <reporter-output>
          </reporter-output>
        </test-method> <!-- writeExtentReport -->
        <test-method is-config="true" signature="tearDownClass()[pri:0, instance:runner.ExecuteTestRunner@72a7c7e0]" started-at="2020-11-23T13:03:50Z" name="tearDownClass" finished-at="2020-11-23T13:03:51Z" duration-ms="671" status="PASS">
          <reporter-output>
          </reporter-output>
        </test-method> <!-- tearDownClass -->
      </class> <!-- runner.ExecuteTestRunner -->
    </test> <!-- Test -->
  </suite> <!-- Suite -->
</testng-results>
